TN:
SF:src/index.js
FNF:0
FNH:0
DA:1,1
DA:2,1
DA:3,1
DA:4,1
DA:5,1
DA:6,1
DA:7,1
DA:8,1
DA:9,1
DA:10,1
DA:11,1
DA:12,1
DA:13,1
DA:14,1
DA:15,1
DA:16,1
DA:17,1
DA:18,1
DA:19,1
DA:20,1
DA:21,1
DA:22,1
LF:22
LH:22
BRDA:4,0,0,1
BRF:1
BRH:1
end_of_record
TN:
SF:src/person.js
FN:2,validate
FN:7,format
FN:16,save
FN:24,process
FNF:4
FNH:4
FNDA:3,validate
FNDA:1,format
FNDA:1,save
FNDA:3,process
DA:1,1
DA:2,1
DA:3,3
DA:4,3
DA:5,3
DA:6,1
DA:7,1
DA:8,1
DA:9,1
DA:10,1
DA:11,1
DA:12,1
DA:13,1
DA:14,1
DA:15,1
DA:16,1
DA:17,1
DA:18,0
DA:19,0
DA:20,1
DA:21,1
DA:22,1
DA:23,1
DA:24,1
DA:25,3
DA:26,3
DA:27,3
DA:28,3
DA:29,3
DA:30,1
DA:31,1
DA:32,1
LF:32
LH:30
BRDA:2,0,0,3
BRDA:3,1,0,1
BRDA:4,2,0,2
BRDA:4,3,0,1
BRDA:7,4,0,1
BRDA:16,5,0,1
BRDA:17,6,0,0
BRDA:17,7,0,3
BRDA:24,8,0,3
BRF:9
BRH:8
end_of_record
TN:
SF:src/server.js
FNF:0
FNH:0
DA:1,1
DA:2,1
DA:3,1
DA:4,1
DA:5,1
DA:6,4
DA:7,1
DA:8,1
DA:9,1
DA:10,1
DA:11,3
DA:12,3
DA:13,3
DA:14,3
DA:15,3
DA:16,4
DA:17,2
DA:18,2
DA:19,2
DA:20,2
DA:21,2
DA:22,2
DA:23,2
DA:24,2
DA:25,2
DA:26,2
DA:27,0
DA:28,0
DA:29,0
DA:30,0
DA:31,4
DA:32,4
DA:33,1
DA:34,1
LF:34
LH:30
BRDA:5,0,0,4
BRDA:6,1,0,1
BRDA:10,2,0,3
BRDA:16,3,0,2
BRDA:26,4,0,0
BRF:5
BRH:4
end_of_record
